<?xml version="1.0" encoding="UTF-8"?>
<!-- Generated by org.testng.reporters.JUnitXMLReporter -->
<testsuite hostname="schakrab2l5" ignored="0" name="Test" tests="3" failures="0" timestamp="25 Jan 2020 01:49:45 GMT" time="0.176" errors="0">
  <testcase name="addition" time="0.006" classname="TestData.DataDriven2"/>
  <testcase name="addition" time="0.001" classname="TestData.DataDriven2"/>
  <testcase name="addition" time="0.0" classname="TestData.DataDriven2"/>
</testsuite> <!-- Test -->
