<?xml version="1.0" encoding="UTF-8"?>
<!-- Generated by org.testng.reporters.JUnitXMLReporter -->
<testsuite hostname="schakrab2l5" ignored="0" name="Test" tests="3" failures="0" timestamp="25 Jan 2020 00:49:13 GMT" time="19.517" errors="0">
  <testcase name="adminLogin" time="1.179" classname="TestData.DataDriven"/>
  <testcase name="adminLogin" time="0.975" classname="TestData.DataDriven"/>
  <testcase name="adminLogin" time="0.956" classname="TestData.DataDriven"/>
</testsuite> <!-- Test -->
