<?xml version="1.0" encoding="UTF-8"?>
<testng-results skipped="0" failed="0" ignored="0" total="3" passed="3">
  <reporter-output>
  </reporter-output>
  <suite name="Suite" duration-ms="176" started-at="2020-01-25T01:49:44Z" finished-at="2020-01-25T01:49:45Z">
    <groups>
    </groups>
    <test name="Test" duration-ms="176" started-at="2020-01-25T01:49:44Z" finished-at="2020-01-25T01:49:45Z">
      <class name="TestData.DataDriven2">
        <test-method status="PASS" signature="addition(java.lang.String, java.lang.String, java.lang.String)[pri:0, instance:TestData.DataDriven2@15bb6bea]" name="addition" duration-ms="6" started-at="2020-01-25T07:19:45Z" data-provider="testdata" finished-at="2020-01-25T07:19:45Z">
          <params>
            <param index="0">
              <value>
                <![CDATA[20]]>
              </value>
            </param>
            <param index="1">
              <value>
                <![CDATA[20]]>
              </value>
            </param>
            <param index="2">
              <value>
                <![CDATA[10]]>
              </value>
            </param>
          </params>
          <reporter-output>
          </reporter-output>
        </test-method> <!-- addition -->
        <test-method status="PASS" signature="addition(java.lang.String, java.lang.String, java.lang.String)[pri:0, instance:TestData.DataDriven2@15bb6bea]" name="addition" duration-ms="1" started-at="2020-01-25T07:19:45Z" data-provider="testdata" finished-at="2020-01-25T07:19:45Z">
          <params>
            <param index="0">
              <value>
                <![CDATA[30]]>
              </value>
            </param>
            <param index="1">
              <value>
                <![CDATA[20]]>
              </value>
            </param>
            <param index="2">
              <value>
                <![CDATA[10]]>
              </value>
            </param>
          </params>
          <reporter-output>
          </reporter-output>
        </test-method> <!-- addition -->
        <test-method status="PASS" signature="addition(java.lang.String, java.lang.String, java.lang.String)[pri:0, instance:TestData.DataDriven2@15bb6bea]" name="addition" duration-ms="0" started-at="2020-01-25T07:19:45Z" data-provider="testdata" finished-at="2020-01-25T07:19:45Z">
          <params>
            <param index="0">
              <value>
                <![CDATA[40]]>
              </value>
            </param>
            <param index="1">
              <value>
                <![CDATA[20]]>
              </value>
            </param>
            <param index="2">
              <value>
                <![CDATA[10]]>
              </value>
            </param>
          </params>
          <reporter-output>
          </reporter-output>
        </test-method> <!-- addition -->
      </class> <!-- TestData.DataDriven2 -->
    </test> <!-- Test -->
  </suite> <!-- Suite -->
</testng-results>
